C51 COMPILER V9.59.0.0   MAIN                                                              04/11/2024 15:58:56 PAGE 1   


C51 COMPILER V9.59.0.0, COMPILATION OF MODULE MAIN
OBJECT MODULE PLACED IN main.OBJ
COMPILER INVOKED BY: F:\Keil_v5\C51\BIN\C51.EXE main.c BROWSE DEBUG OBJECTEXTEND

line level    source

   1          #include <REGX52.H>
   2          #include "Delay.h"      //包含Delay头文件
   3          #include "Nixie.h"      //包含数码管头文件
   4          void main()
   5          {
   6   1              while(1)
   7   1              {
   8   2                      Nixie(1,1);     //在数码管的第1位置显示1
   9   2                      Nixie(2,2);     //在数码管的第2位置显示2
  10   2                      Nixie(3,3);     //在数码管的第3位置显示3
  11   2                      Nixie(4,4);     //在数码管的第4位置显示4
  12   2                      Nixie(5,5);     //在数码管的第5位置显示5
  13   2                      Nixie(6,6);     //在数码管的第6位置显示6
  14   2              }
  15   1      }


MODULE INFORMATION:   STATIC OVERLAYABLE
   CODE SIZE        =     56    ----
   CONSTANT SIZE    =   ----    ----
   XDATA SIZE       =   ----    ----
   PDATA SIZE       =   ----    ----
   DATA SIZE        =   ----    ----
   IDATA SIZE       =   ----    ----
   BIT SIZE         =   ----    ----
END OF MODULE INFORMATION.


C51 COMPILATION COMPLETE.  0 WARNING(S),  0 ERROR(S)
